<testsuites id="" name="" tests="3" failures="0" skipped="0" errors="0" time="4.4663330000000006">
<testsuite name="example.spec.ts" timestamp="2025-11-27T14:53:16.872Z" hostname="chromium" tests="1" failures="0" skipped="0" time="0.093" errors="0">
<testcase name="Example Test Suite › should pass a basic assertion" classname="example.spec.ts" time="0.093">
</testcase>
</testsuite>
<testsuite name="example.spec.ts" timestamp="2025-11-27T14:53:16.872Z" hostname="firefox" tests="1" failures="0" skipped="0" time="0.091" errors="0">
<testcase name="Example Test Suite › should pass a basic assertion" classname="example.spec.ts" time="0.091">
</testcase>
</testsuite>
<testsuite name="example.spec.ts" timestamp="2025-11-27T14:53:16.872Z" hostname="webkit" tests="1" failures="0" skipped="0" time="0.081" errors="0">
<testcase name="Example Test Suite › should pass a basic assertion" classname="example.spec.ts" time="0.081">
</testcase>
</testsuite>
</testsuites>